21:37:02 INFO    Log: logs/rpa_ruaf_20260706_213702.log
21:37:02 INFO    ============================================================
21:37:02 INFO    RPA cargue resolucion_ruaf (carga directa, sin tabla unificadas)
21:37:02 INFO    Archivo : RUA200AAFP20260619NI000900474727.zip (262.1 MB)
21:37:02 INFO    Destino : modo=docker db=bdua_fosyga user=postgres
21:37:02 INFO              contenedor=mi_postgres_data
21:37:02 INFO    ============================================================
21:37:02 INFO    [1/3] (Re)creando tabla resolucion_ruaf ...
21:38:41 INFO    [2/3] Transformando y cargando (streaming) ...
21:38:41 INFO    Descompresor : unzip -p RUA200AAFP20260619NI000900474727.zip
21:38:41 INFO    Carga        : docker exec -i -e PGPASSWORD=Majito.08 mi_postgres_data psql -U postgres -d bdua_fosyga -v ON_ERROR_STOP=1 -c COPY resolucion_ruaf (tipo_documento, nro_documento, cod_administradora, fecha) FROM STDIN
21:38:41 INFO    Formato de fecha detectado: AAAAMMDD -> SCRIPT 2
21:48:55 INFO          -> 27,446,114 filas cargadas en resolucion_ruaf.
21:48:55 INFO    [3/3] Validando ...
21:49:24 INFO    ------------------------------------------------------------
21:49:24 INFO    VALIDACIONES
21:49:24 INFO      Lineas leidas del archivo    : 27,446,114
21:49:24 INFO      Filas cargadas (COPY)        : 27,446,114
21:49:24 INFO      count(*) resolucion_ruaf     : 27,446,114
21:49:24 INFO      fechas con longitud != 10    : 0  (esperado 0)
21:49:24 INFO      cod_administradora c/espacios: 0  (esperado 0)
21:49:24 INFO      documentos alfanumericos     : 1  (informativo)
21:49:24 INFO    Muestra resolucion_ruaf:
tipo_documento | nro_documento | cod_administradora |   fecha    
----------------+---------------+--------------------+------------
 CC             | 17560287      | 25-14              | 2018-06-01
 CC             | 35264085      | 25-14              | 2004-04-14
 CC             | 77160388      | 231001             | 1998-10-18
 CC             | 1513613       | 25-14              | 1997-07-11
 CC             | 13791944      | 230201             | 2007-02-01
(5 rows)
21:49:24 INFO    ------------------------------------------------------------
21:49:24 INFO    RESULTADO: OK. resolucion_ruaf lista con 27,446,114 registros. (741.9 s)
21:49:24 INFO    Siguiente paso manual (instructivo): solicitar a redes la copia de resolucion_ruaf hacia bdua_fosyga de produccion.
21:49:24 INFO    ============================================================
